{"numTotalTestSuites":4,"numPassedTestSuites":4,"numFailedTestSuites":0,"numPendingTestSuites":0,"numTotalTests":5,"numPassedTests":5,"numFailedTests":0,"numPendingTests":0,"numTodoTests":0,"snapshot":{"added":0,"failure":false,"filesAdded":0,"filesRemoved":0,"filesRemovedList":[],"filesUnmatched":0,"filesUpdated":0,"matched":0,"total":0,"unchecked":0,"uncheckedKeysByFile":[],"unmatched":0,"updated":0,"didUpdate":false},"startTime":1783343922536,"success":true,"testResults":[{"assertionResults":[{"ancestorTitles":["auth helpers"],"fullName":"auth helpers finds a user by email","status":"passed","title":"finds a user by email","duration":2.6806000000001404,"failureMessages":[],"meta":{},"tags":[]},{"ancestorTitles":["auth helpers"],"fullName":"auth helpers validates a correct credential pair","status":"passed","title":"validates a correct credential pair","duration":0.23019999999996799,"failureMessages":[],"meta":{},"tags":[]},{"ancestorTitles":["auth helpers"],"fullName":"auth helpers rejects invalid credentials","status":"passed","title":"rejects invalid credentials","duration":0.16039999999975407,"failureMessages":[],"meta":{},"tags":[]},{"ancestorTitles":["auth helpers"],"fullName":"auth helpers returns a readable label for each role","status":"passed","title":"returns a readable label for each role","duration":0.229200000000219,"failureMessages":[],"meta":{},"tags":[]}],"startTime":1783343924699,"endTime":1783343924702.2302,"status":"passed","message":"","name":"C:/Users/hamda/Desktop/projet-pap-bio/lib/auth.test.ts"},{"assertionResults":[{"ancestorTitles":["LoginPage"],"fullName":"LoginPage renders the login form and registration links","status":"passed","title":"renders the login form and registration links","duration":185.86599999999999,"failureMessages":[],"meta":{},"tags":[]}],"startTime":1783343925034,"endTime":1783343925219.866,"status":"passed","message":"","name":"C:/Users/hamda/Desktop/projet-pap-bio/app/login/page.test.tsx"}]}